mode: set
github.tools.sap/I741559/decisionCLI/cmd/decisionAPI/env/config.go:22.43,24.59 2 1
github.tools.sap/I741559/decisionCLI/cmd/decisionAPI/env/config.go:24.59,26.3 1 1
github.tools.sap/I741559/decisionCLI/cmd/decisionAPI/env/config.go:27.2,27.24 1 1
github.tools.sap/I741559/decisionCLI/cmd/decisionAPI/env/config.go:31.53,33.64 2 1
github.tools.sap/I741559/decisionCLI/cmd/decisionAPI/env/config.go:33.64,35.3 1 1
github.tools.sap/I741559/decisionCLI/cmd/decisionAPI/env/config.go:36.2,36.29 1 1
